# JRE version: Java(TM) SE Runtime Environment (8.0_301-b09) (build 1.8.0_301-b09)
# Java VM: Java HotSpot(TM) 64-Bit Server VM (25.301-b09 mixed mode bsd-amd64 compressed oops)
Heap:
 PSYoungGen      total 323584K, used 245400K [0x000000076ab00000, 0x000000077fd00000, 0x00000007c0000000)
  eden space 307712K, 79% used [0x000000076ab00000,0x0000000779aa6220,0x000000077d780000)
  from space 15872K, 0% used [0x000000077ed80000,0x000000077ed80000,0x000000077fd00000)
  to   space 18944K, 0% used [0x000000077d800000,0x000000077d800000,0x000000077ea80000)
 ParOldGen       total 201728K, used 28606K [0x00000006c0000000, 0x00000006cc500000, 0x000000076ab00000)
  object space 201728K, 14% used [0x00000006c0000000,0x00000006c1bef9e8,0x00000006cc500000)
 Metaspace       used 69216K, capacity 73952K, committed 74264K, reserved 1112064K
  class space    used 10147K, capacity 10949K, committed 11056K, reserved 1048576K
GC Heap History (10 events):
Event: 2.119 GC heap before
{Heap before GC invocations=7 (full 1):
 PSYoungGen      total 141824K, used 131679K [0x000000076ab00000, 0x0000000779b80000, 0x00000007c0000000)
  eden space 131072K, 92% used [0x000000076ab00000,0x00000007721cb970,0x0000000772b00000)
  from space 10752K, 93% used [0x0000000772b00000,0x00000007734cc4b8,0x0000000773580000)
  to   space 12288K, 0% used [0x0000000778f80000,0x0000000778f80000,0x0000000779b80000)
 ParOldGen       total 90624K, used 6150K [0x00000006c0000000, 0x00000006c5880000, 0x000000076ab00000)
  object space 90624K, 6% used [0x00000006c0000000,0x00000006c0601b80,0x00000006c5880000)
 Metaspace       used 33669K, capacity 35476K, committed 35496K, reserved 1079296K
  class space    used 4766K, capacity 5158K, committed 5168K, reserved 1048576K
Event: 2.129 GC heap after
Heap after GC invocations=7 (full 1):
 PSYoungGen      total 227840K, used 12281K [0x000000076ab00000, 0x0000000779b80000, 0x00000007c0000000)
  eden space 215552K, 0% used [0x000000076ab00000,0x000000076ab00000,0x0000000777d80000)
  from space 12288K, 99% used [0x0000000778f80000,0x0000000779b7e750,0x0000000779b80000)
  to   space 14848K, 0% used [0x0000000777e80000,0x0000000777e80000,0x0000000778d00000)
 ParOldGen       total 90624K, used 8243K [0x00000006c0000000, 0x00000006c5880000, 0x000000076ab00000)
  object space 90624K, 9% used [0x00000006c0000000,0x00000006c080cfe0,0x00000006c5880000)
 Metaspace       used 33669K, capacity 35476K, committed 35496K, reserved 1079296K
  class space    used 4766K, capacity 5158K, committed 5168K, reserved 1048576K
}
Event: 2.129 GC heap before
{Heap before GC invocations=8 (full 2):
 PSYoungGen      total 227840K, used 12281K [0x000000076ab00000, 0x0000000779b80000, 0x00000007c0000000)
  eden space 215552K, 0% used [0x000000076ab00000,0x000000076ab00000,0x0000000777d80000)
  from space 12288K, 99% used [0x0000000778f80000,0x0000000779b7e750,0x0000000779b80000)
  to   space 14848K, 0% used [0x0000000777e80000,0x0000000777e80000,0x0000000778d00000)
 ParOldGen       total 90624K, used 8243K [0x00000006c0000000, 0x00000006c5880000, 0x000000076ab00000)
  object space 90624K, 9% used [0x00000006c0000000,0x00000006c080cfe0,0x00000006c5880000)
 Metaspace       used 33669K, capacity 35476K, committed 35496K, reserved 1079296K
  class space    used 4766K, capacity 5158K, committed 5168K, reserved 1048576K
Event: 2.198 GC heap after
Heap after GC invocations=8 (full 2):
 PSYoungGen      total 227840K, used 0K [0x000000076ab00000, 0x0000000779b80000, 0x00000007c0000000)
  eden space 215552K, 0% used [0x000000076ab00000,0x000000076ab00000,0x0000000777d80000)
  from space 12288K, 0% used [0x0000000778f80000,0x0000000778f80000,0x0000000779b80000)
  to   space 14848K, 0% used [0x0000000777e80000,0x0000000777e80000,0x0000000778d00000)
 ParOldGen       total 145920K, used 18886K [0x00000006c0000000, 0x00000006c8e80000, 0x000000076ab00000)
  object space 145920K, 12% used [0x00000006c0000000,0x00000006c1271a80,0x00000006c8e80000)
 Metaspace       used 33669K, capacity 35476K, committed 35496K, reserved 1079296K
  class space    used 4766K, capacity 5158K, committed 5168K, reserved 1048576K
}
Event: 3.006 GC heap before
{Heap before GC invocations=9 (full 2):
 PSYoungGen      total 227840K, used 215552K [0x000000076ab00000, 0x0000000779b80000, 0x00000007c0000000)
  eden space 215552K, 100% used [0x000000076ab00000,0x0000000777d80000,0x0000000777d80000)
  from space 12288K, 0% used [0x0000000778f80000,0x0000000778f80000,0x0000000779b80000)
  to   space 14848K, 0% used [0x0000000777e80000,0x0000000777e80000,0x0000000778d00000)
 ParOldGen       total 145920K, used 18886K [0x00000006c0000000, 0x00000006c8e80000, 0x000000076ab00000)
  object space 145920K, 12% used [0x00000006c0000000,0x00000006c1271a80,0x00000006c8e80000)
 Metaspace       used 43529K, capacity 46064K, committed 46256K, reserved 1089536K
  class space    used 6223K, capacity 6712K, committed 6832K, reserved 1048576K
Event: 3.015 GC heap after
Heap after GC invocations=9 (full 2):
 PSYoungGen      total 231424K, used 12460K [0x000000076ab00000, 0x000000077fd00000, 0x00000007c0000000)
  eden space 216576K, 0% used [0x000000076ab00000,0x000000076ab00000,0x0000000777e80000)
  from space 14848K, 83% used [0x0000000777e80000,0x0000000778aab110,0x0000000778d00000)
  to   space 15872K, 0% used [0x000000077ed80000,0x000000077ed80000,0x000000077fd00000)
 ParOldGen       total 145920K, used 18894K [0x00000006c0000000, 0x00000006c8e80000, 0x000000076ab00000)
  object space 145920K, 12% used [0x00000006c0000000,0x00000006c1273a80,0x00000006c8e80000)
 Metaspace       used 43529K, capacity 46064K, committed 46256K, reserved 1089536K
  class space    used 6223K, capacity 6712K, committed 6832K, reserved 1048576K
}
Event: 3.895 GC heap before
{Heap before GC invocations=10 (full 2):
 PSYoungGen      total 231424K, used 184869K [0x000000076ab00000, 0x000000077fd00000, 0x00000007c0000000)
  eden space 216576K, 79% used [0x000000076ab00000,0x000000077535e508,0x0000000777e80000)
  from space 14848K, 83% used [0x0000000777e80000,0x0000000778aab110,0x0000000778d00000)
  to   space 15872K, 0% used [0x000000077ed80000,0x000000077ed80000,0x000000077fd00000)
 ParOldGen       total 145920K, used 18894K [0x00000006c0000000, 0x00000006c8e80000, 0x000000076ab00000)
  object space 145920K, 12% used [0x00000006c0000000,0x00000006c1273a80,0x00000006c8e80000)
 Metaspace       used 55969K, capacity 59130K, committed 59160K, reserved 1099776K
  class space    used 8157K, capacity 8733K, committed 8752K, reserved 1048576K
Event: 3.908 GC heap after
Heap after GC invocations=10 (full 2):
 PSYoungGen      total 323584K, used 15865K [0x000000076ab00000, 0x000000077fd00000, 0x00000007c0000000)
  eden space 307712K, 0% used [0x000000076ab00000,0x000000076ab00000,0x000000077d780000)
  from space 15872K, 99% used [0x000000077ed80000,0x000000077fcfe440,0x000000077fd00000)
  to   space 18944K, 0% used [0x000000077d800000,0x000000077d800000,0x000000077ea80000)
 ParOldGen       total 145920K, used 21035K [0x00000006c0000000, 0x00000006c8e80000, 0x000000076ab00000)
  object space 145920K, 14% used [0x00000006c0000000,0x00000006c148afc0,0x00000006c8e80000)
 Metaspace       used 55969K, capacity 59130K, committed 59160K, reserved 1099776K
  class space    used 8157K, capacity 8733K, committed 8752K, reserved 1048576K
}
Event: 3.908 GC heap before
{Heap before GC invocations=11 (full 3):
 PSYoungGen      total 323584K, used 15865K [0x000000076ab00000, 0x000000077fd00000, 0x00000007c0000000)
  eden space 307712K, 0% used [0x000000076ab00000,0x000000076ab00000,0x000000077d780000)
  from space 15872K, 99% used [0x000000077ed80000,0x000000077fcfe440,0x000000077fd00000)
  to   space 18944K, 0% used [0x000000077d800000,0x000000077d800000,0x000000077ea80000)
 ParOldGen       total 145920K, used 21035K [0x00000006c0000000, 0x00000006c8e80000, 0x000000076ab00000)
  object space 145920K, 14% used [0x00000006c0000000,0x00000006c148afc0,0x00000006c8e80000)
 Metaspace       used 55969K, capacity 59130K, committed 59160K, reserved 1099776K
  class space    used 8157K, capacity 8733K, committed 8752K, reserved 1048576K
Event: 3.998 GC heap after
Heap after GC invocations=11 (full 3):
 PSYoungGen      total 323584K, used 0K [0x000000076ab00000, 0x000000077fd00000, 0x00000007c0000000)
  eden space 307712K, 0% used [0x000000076ab00000,0x000000076ab00000,0x000000077d780000)
  from space 15872K, 0% used [0x000000077ed80000,0x000000077ed80000,0x000000077fd00000)
  to   space 18944K, 0% used [0x000000077d800000,0x000000077d800000,0x000000077ea80000)
 ParOldGen       total 201728K, used 28606K [0x00000006c0000000, 0x00000006cc500000, 0x000000076ab00000)
  object space 201728K, 14% used [0x00000006c0000000,0x00000006c1bef9e8,0x00000006cc500000)
 Metaspace       used 55969K, capacity 59130K, committed 59160K, reserved 1099776K
  class space    used 8157K, capacity 8733K, committed 8752K, reserved 1048576K
}

